#
# There is insufficient memory for the Java Runtime Environment to continue.
# Native memory allocation (malloc) failed to allocate 1444816 bytes for Chunk::new
# Possible reasons:
#   The system is out of physical RAM or swap space
#   In 32 bit mode, the process size limit was hit
# Possible solutions:
#   Reduce memory load on the system
#   Increase physical memory or swap space
#   Check if swap backing store is full
#   Use 64 bit Java on a 64 bit OS
#   Decrease Java heap size (-Xmx/-Xms)
#   Decrease number of Java threads
#   Decrease Java thread stack sizes (-Xss)
#   Set larger code cache with -XX:ReservedCodeCacheSize=
# This output file may be truncated or incomplete.
#
#  Out of Memory Error (allocation.cpp:390), pid=5600, tid=0x000000000000156c
#
# JRE version: OpenJDK Runtime Environment (8.0_76-b03) (build 1.8.0_76-release-b03)
# Java VM: OpenJDK 64-Bit Server VM (25.76-b03 mixed mode windows-amd64 compressed oops)
# Failed to write core dump. Minidumps are not enabled by default on client versions of Windows
#

---------------  T H R E A D  ---------------

Current thread (0x0000000015d9a000):  JavaThread "C2 CompilerThread1" daemon [_thread_in_native, id=5484, stack(0x00000000174f0000,0x00000000175f0000)]

Stack: [0x00000000174f0000,0x00000000175f0000]
[error occurred during error reporting (printing stack bounds), id 0xc0000005]

Native frames: (J=compiled Java code, j=interpreted, Vv=VM code, C=native code)


Current CompileTask:
C2:  60312 8309   !   4       com.squareup.javapoet.TypeName::toString (62 bytes)


---------------  P R O C E S S  ---------------

Java Threads: ( => current thread )
  0x000000001da02000 JavaThread "pool-1-thread-1" [_thread_blocked, id=5772, stack(0x000000001e190000,0x000000001e290000)]
  0x000000001da03000 JavaThread "File lock request listener" [_thread_in_native, id=5628, stack(0x000000001a450000,0x000000001a550000)]
  0x0000000018a8a800 JavaThread "Stdin handler" [_thread_blocked, id=5240, stack(0x000000001a350000,0x000000001a450000)]
  0x0000000017882000 JavaThread "Daemon worker" [_thread_in_native, id=6832, stack(0x000000001a250000,0x000000001a350000)]
  0x0000000018981800 JavaThread "Cancel handler" [_thread_blocked, id=2028, stack(0x000000001a150000,0x000000001a250000)]
  0x000000001801b800 JavaThread "Handler for socket connection from /127.0.0.1:58437 to /127.0.0.1:58439" [_thread_in_native, id=4840, stack(0x000000001a050000,0x000000001a150000)]
  0x0000000018018800 JavaThread "Daemon" [_thread_blocked, id=1668, stack(0x0000000019f50000,0x000000001a050000)]
  0x0000000018837800 JavaThread "Incoming local TCP Connector on port 58437" [_thread_in_native, id=4400, stack(0x0000000019850000,0x0000000019950000)]
  0x0000000017712800 JavaThread "Service Thread" daemon [_thread_blocked, id=6056, stack(0x0000000017af0000,0x0000000017bf0000)]
  0x0000000015d92000 JavaThread "C1 CompilerThread2" daemon [_thread_blocked, id=5896, stack(0x00000000175f0000,0x00000000176f0000)]
=>0x0000000015d9a000 JavaThread "C2 CompilerThread1" daemon [_thread_in_native, id=5484, stack(0x00000000174f0000,0x00000000175f0000)]
  0x0000000015d97000 JavaThread "C2 CompilerThread0" daemon [_thread_in_native, id=4684, stack(0x00000000173f0000,0x00000000174f0000)]
  0x0000000015d96000 JavaThread "Attach Listener" daemon [_thread_blocked, id=4284, stack(0x00000000172f0000,0x00000000173f0000)]
  0x0000000015d94800 JavaThread "Signal Dispatcher" daemon [_thread_blocked, id=4740, stack(0x00000000171f0000,0x00000000172f0000)]
  0x000000000241c800 JavaThread "Finalizer" daemon [_thread_blocked, id=2700, stack(0x0000000016ff0000,0x00000000170f0000)]
  0x0000000002411000 JavaThread "Reference Handler" daemon [_thread_blocked, id=1612, stack(0x0000000016ef0000,0x0000000016ff0000)]
  0x0000000002320800 JavaThread "main" [_thread_blocked, id=3496, stack(0x0000000000aa0000,0x0000000000ba0000)]

Other Threads:
  0x0000000015d55000 VMThread [stack: 0x0000000016df0000,0x0000000016ef0000] [id=2800]
  0x0000000017700800 WatcherThread [stack: 0x0000000017bf0000,0x0000000017cf0000] [id=4948]

VM state:not at safepoint (normal execution)

VM Mutex/Monitor currently owned by a thread: None

Heap:
 PSYoungGen      total 175616K, used 112197K [0x00000000e0000000, 0x00000000efe80000, 0x0000000100000000)
  eden space 159232K, 60% used [0x00000000e0000000,0x00000000e5d97d30,0x00000000e9b80000)
  from space 16384K, 99% used [0x00000000e9b80000,0x00000000eab79ab8,0x00000000eab80000)
  to   space 26112K, 0% used [0x00000000ee500000,0x00000000ee500000,0x00000000efe80000)
 ParOldGen       total 60928K, used 47452K [0x00000000a0000000, 0x00000000a3b80000, 0x00000000e0000000)
  object space 60928K, 77% used [0x00000000a0000000,0x00000000a2e57020,0x00000000a3b80000)
 Metaspace       used 53936K, capacity 55536K, committed 55848K, reserved 1097728K
  class space    used 7041K, capacity 7417K, committed 7472K, reserved 1048576K

Card table byte_map: [0x00000000117e0000,0x0000000011af0000] byte_map_base: 0x00000000112e0000

Marking Bits: (ParMarkBitMap*) 0x000000005cd99d00
 Begin Bits: [0x00000000120f0000, 0x00000000138f0000)
 End Bits:   [0x00000000138f0000, 0x00000000150f0000)

Polling page: 0x0000000000930000

CodeCache: size=245760Kb used=26835Kb max_used=26849Kb free=218924Kb
 bounds [0x0000000002420000, 0x0000000003eb0000, 0x0000000011420000]
 total_blobs=8066 nmethods=7339 adapters=639
 compilation: enabled

Compilation events (10 events):
Event: 60.183 Thread 0x0000000015d92000 8459       2       com.squareup.javapoet.ClassName::bestGuess (210 bytes)
Event: 60.188 Thread 0x0000000015d92000 nmethod 8459 0x0000000003e9f490 code [0x0000000003e9f860, 0x0000000003ea0f48]
Event: 60.188 Thread 0x0000000015d92000 8460       2       java.lang.CharacterDataLatin1::isOtherLowercase (18 bytes)
Event: 60.189 Thread 0x0000000015d92000 nmethod 8460 0x0000000003793010 code [0x0000000003793160, 0x00000000037932f0]
Event: 60.189 Thread 0x0000000015d92000 8461       2       com.sun.tools.javac.code.Symbol$VarSymbol::getEnclosingElement (5 bytes)
Event: 60.190 Thread 0x0000000015d92000 nmethod 8461 0x00000000025dadd0 code [0x00000000025daf20, 0x00000000025db070]
Event: 60.190 Thread 0x0000000015d92000 8462       2       com.raizlabs.android.dbflow.processor.definition.column.PackagePrivateAccess::containsColumn (27 bytes)
Event: 60.190 Thread 0x0000000015d92000 nmethod 8462 0x0000000002604e10 code [0x0000000002604fa0, 0x0000000002605258]
Event: 60.191 Thread 0x0000000015d92000 8463       2       java.util.AbstractSet::removeAll (97 bytes)
Event: 60.192 Thread 0x0000000015d92000 nmethod 8463 0x00000000025fdc90 code [0x00000000025fdea0, 0x00000000025fe3b8]

GC Heap History (10 events):
Event: 21.606 GC heap before
{Heap before GC invocations=11 (full 1):
 PSYoungGen      total 93696K, used 35844K [0x00000000e0000000, 0x00000000e8980000, 0x0000000100000000)
  eden space 84992K, 31% used [0x00000000e0000000,0x00000000e1a82fb0,0x00000000e5300000)
  from space 8704K, 99% used [0x00000000e5300000,0x00000000e5b7e148,0x00000000e5b80000)
  to   space 10240K, 0% used [0x00000000e7f80000,0x00000000e7f80000,0x00000000e8980000)
 ParOldGen       total 44032K, used 10179K [0x00000000a0000000, 0x00000000a2b00000, 0x00000000e0000000)
  object space 44032K, 23% used [0x00000000a0000000,0x00000000a09f0cc8,0x00000000a2b00000)
 Metaspace       used 34555K, capacity 35254K, committed 35496K, reserved 1079296K
  class space    used 4537K, capacity 4736K, committed 4784K, reserved 1048576K
Event: 21.638 GC heap after
Heap after GC invocations=11 (full 1):
 PSYoungGen      total 131072K, used 5847K [0x00000000e0000000, 0x00000000e8b00000, 0x0000000100000000)
  eden space 120832K, 0% used [0x00000000e0000000,0x00000000e0000000,0x00000000e7600000)
  from space 10240K, 57% used [0x00000000e7f80000,0x00000000e8535ea8,0x00000000e8980000)
  to   space 9728K, 0% used [0x00000000e7600000,0x00000000e7600000,0x00000000e7f80000)
 ParOldGen       total 44032K, used 12663K [0x00000000a0000000, 0x00000000a2b00000, 0x00000000e0000000)
  object space 44032K, 28% used [0x00000000a0000000,0x00000000a0c5dcf8,0x00000000a2b00000)
 Metaspace       used 34555K, capacity 35254K, committed 35496K, reserved 1079296K
  class space    used 4537K, capacity 4736K, committed 4784K, reserved 1048576K
}
Event: 21.638 GC heap before
{Heap before GC invocations=12 (full 2):
 PSYoungGen      total 131072K, used 5847K [0x00000000e0000000, 0x00000000e8b00000, 0x0000000100000000)
  eden space 120832K, 0% used [0x00000000e0000000,0x00000000e0000000,0x00000000e7600000)
  from space 10240K, 57% used [0x00000000e7f80000,0x00000000e8535ea8,0x00000000e8980000)
  to   space 9728K, 0% used [0x00000000e7600000,0x00000000e7600000,0x00000000e7f80000)
 ParOldGen       total 44032K, used 12663K [0x00000000a0000000, 0x00000000a2b00000, 0x00000000e0000000)
  object space 44032K, 28% used [0x00000000a0000000,0x00000000a0c5dcf8,0x00000000a2b00000)
 Metaspace       used 34555K, capacity 35254K, committed 35496K, reserved 1079296K
  class space    used 4537K, capacity 4736K, committed 4784K, reserved 1048576K
Event: 21.817 GC heap after
Heap after GC invocations=12 (full 2):
 PSYoungGen      total 131072K, used 0K [0x00000000e0000000, 0x00000000e8b00000, 0x0000000100000000)
  eden space 120832K, 0% used [0x00000000e0000000,0x00000000e0000000,0x00000000e7600000)
  from space 10240K, 0% used [0x00000000e7f80000,0x00000000e7f80000,0x00000000e8980000)
  to   space 9728K, 0% used [0x00000000e7600000,0x00000000e7600000,0x00000000e7f80000)
 ParOldGen       total 60928K, used 15881K [0x00000000a0000000, 0x00000000a3b80000, 0x00000000e0000000)
  object space 60928K, 26% used [0x00000000a0000000,0x00000000a0f824f8,0x00000000a3b80000)
 Metaspace       used 34555K, capacity 35254K, committed 35496K, reserved 1079296K
  class space    used 4537K, capacity 4736K, committed 4784K, reserved 1048576K
}
Event: 26.685 GC heap before
{Heap before GC invocations=13 (full 2):
 PSYoungGen      total 131072K, used 120832K [0x00000000e0000000, 0x00000000e8b00000, 0x0000000100000000)
  eden space 120832K, 100% used [0x00000000e0000000,0x00000000e7600000,0x00000000e7600000)
  from space 10240K, 0% used [0x00000000e7f80000,0x00000000e7f80000,0x00000000e8980000)
  to   space 9728K, 0% used [0x00000000e7600000,0x00000000e7600000,0x00000000e7f80000)
 ParOldGen       total 60928K, used 15881K [0x00000000a0000000, 0x00000000a3b80000, 0x00000000e0000000)
  object space 60928K, 26% used [0x00000000a0000000,0x00000000a0f824f8,0x00000000a3b80000)
 Metaspace       used 40603K, capacity 41474K, committed 41768K, reserved 1085440K
  class space    used 5341K, capacity 5563K, committed 5680K, reserved 1048576K
Event: 26.713 GC heap after
Heap after GC invocations=13 (full 2):
 PSYoungGen      total 130560K, used 9717K [0x00000000e0000000, 0x00000000eb680000, 0x0000000100000000)
  eden space 120832K, 0% used [0x00000000e0000000,0x00000000e0000000,0x00000000e7600000)
  from space 9728K, 99% used [0x00000000e7600000,0x00000000e7f7d458,0x00000000e7f80000)
  to   space 11264K, 0% used [0x00000000eab80000,0x00000000eab80000,0x00000000eb680000)
 ParOldGen       total 60928K, used 17758K [0x00000000a0000000, 0x00000000a3b80000, 0x00000000e0000000)
  object space 60928K, 29% used [0x00000000a0000000,0x00000000a11578e8,0x00000000a3b80000)
 Metaspace       used 40603K, capacity 41474K, committed 41768K, reserved 1085440K
  class space    used 5341K, capacity 5563K, committed 5680K, reserved 1048576K
}
Event: 34.760 GC heap before
{Heap before GC invocations=14 (full 2):
 PSYoungGen      total 130560K, used 130549K [0x00000000e0000000, 0x00000000eb680000, 0x0000000100000000)
  eden space 120832K, 100% used [0x00000000e0000000,0x00000000e7600000,0x00000000e7600000)
  from space 9728K, 99% used [0x00000000e7600000,0x00000000e7f7d458,0x00000000e7f80000)
  to   space 11264K, 0% used [0x00000000eab80000,0x00000000eab80000,0x00000000eb680000)
 ParOldGen       total 60928K, used 17758K [0x00000000a0000000, 0x00000000a3b80000, 0x00000000e0000000)
  object space 60928K, 29% used [0x00000000a0000000,0x00000000a11578e8,0x00000000a3b80000)
 Metaspace       used 45429K, capacity 46840K, committed 47144K, reserved 1089536K
  class space    used 6050K, capacity 6372K, committed 6448K, reserved 1048576K
Event: 34.798 GC heap after
Heap after GC invocations=14 (full 2):
 PSYoungGen      total 170496K, used 11244K [0x00000000e0000000, 0x00000000ebd00000, 0x0000000100000000)
  eden space 159232K, 0% used [0x00000000e0000000,0x00000000e0000000,0x00000000e9b80000)
  from space 11264K, 99% used [0x00000000eab80000,0x00000000eb67b1b8,0x00000000eb680000)
  to   space 16384K, 0% used [0x00000000e9b80000,0x00000000e9b80000,0x00000000eab80000)
 ParOldGen       total 60928K, used 27535K [0x00000000a0000000, 0x00000000a3b80000, 0x00000000e0000000)
  object space 60928K, 45% used [0x00000000a0000000,0x00000000a1ae3f20,0x00000000a3b80000)
 Metaspace       used 45429K, capacity 46840K, committed 47144K, reserved 1089536K
  class space    used 6050K, capacity 6372K, committed 6448K, reserved 1048576K
}
Event: 57.797 GC heap before
{Heap before GC invocations=15 (full 2):
 PSYoungGen      total 170496K, used 170476K [0x00000000e0000000, 0x00000000ebd00000, 0x0000000100000000)
  eden space 159232K, 100% used [0x00000000e0000000,0x00000000e9b80000,0x00000000e9b80000)
  from space 11264K, 99% used [0x00000000eab80000,0x00000000eb67b1b8,0x00000000eb680000)
  to   space 16384K, 0% used [0x00000000e9b80000,0x00000000e9b80000,0x00000000eab80000)
 ParOldGen       total 60928K, used 27535K [0x00000000a0000000, 0x00000000a3b80000, 0x00000000e0000000)
  object space 60928K, 45% used [0x00000000a0000000,0x00000000a1ae3f20,0x00000000a3b80000)
 Metaspace       used 53384K, capacity 55056K, committed 55336K, reserved 1097728K
  class space    used 6987K, capacity 7385K, committed 7472K, reserved 1048576K
Event: 57.967 GC heap after
Heap after GC invocations=15 (full 2):
 PSYoungGen      total 175616K, used 16358K [0x00000000e0000000, 0x00000000efe80000, 0x0000000100000000)
  eden space 159232K, 0% used [0x00000000e0000000,0x00000000e0000000,0x00000000e9b80000)
  from space 16384K, 99% used [0x00000000e9b80000,0x00000000eab79ab8,0x00000000eab80000)
  to   space 26112K, 0% used [0x00000000ee500000,0x00000000ee500000,0x00000000efe80000)
 ParOldGen       total 60928K, used 47452K [0x00000000a0000000, 0x00000000a3b80000, 0x00000000e0000000)
  object space 60928K, 77% used [0x00000000a0000000,0x00000000a2e57020,0x00000000a3b80000)
 Metaspace       used 53384K, capacity 55056K, committed 55336K, reserved 1097728K
  class space    used 6987K, capacity 7385K, committed 7472K, reserved 1048576K
}

Deoptimization events (10 events):
Event: 57.130 Thread 0x0000000017882000 Uncommon trap: reason=unstable_if action=reinterpret pc=0x000000000344c83c method=java.lang.CharacterDataLatin1.isJavaIdentifierPart(I)Z @ 11
Event: 58.139 Thread 0x0000000017882000 Uncommon trap: reason=bimorphic action=maybe_recompile pc=0x0000000003dbd7a0 method=java.util.Collections$UnmodifiableCollection.contains(Ljava/lang/Object;)Z @ 5
Event: 58.139 Thread 0x0000000017882000 Uncommon trap: reason=bimorphic action=maybe_recompile pc=0x0000000003dbd7a0 method=java.util.Collections$UnmodifiableCollection.contains(Ljava/lang/Object;)Z @ 5
Event: 58.139 Thread 0x0000000017882000 Uncommon trap: reason=bimorphic action=maybe_recompile pc=0x0000000003dbd7a0 method=java.util.Collections$UnmodifiableCollection.contains(Ljava/lang/Object;)Z @ 5
Event: 58.139 Thread 0x0000000017882000 Uncommon trap: reason=bimorphic action=maybe_recompile pc=0x0000000003dbd7a0 method=java.util.Collections$UnmodifiableCollection.contains(Ljava/lang/Object;)Z @ 5
Event: 58.843 Thread 0x0000000017882000 Uncommon trap: reason=unstable_if action=reinterpret pc=0x0000000003e3ebf8 method=sun.nio.cs.UTF_8$Encoder.encodeArrayLoop(Ljava/nio/CharBuffer;Ljava/nio/ByteBuffer;)Ljava/nio/charset/CoderResult; @ 113
Event: 58.843 Thread 0x0000000017882000 Uncommon trap: reason=unstable_if action=reinterpret pc=0x0000000003e44388 method=java.nio.charset.CharsetEncoder.encode(Ljava/nio/CharBuffer;Ljava/nio/ByteBuffer;Z)Ljava/nio/charset/CoderResult; @ 94
Event: 58.843 Thread 0x0000000017882000 Uncommon trap: reason=unstable_if action=reinterpret pc=0x0000000003e42478 method=sun.nio.cs.StreamEncoder.implWrite([CII)V @ 51
Event: 58.919 Thread 0x0000000017882000 Uncommon trap: reason=unstable_if action=reinterpret pc=0x0000000003e40a78 method=sun.nio.cs.StreamEncoder.implWrite([CII)V @ 51
Event: 58.926 Thread 0x0000000017882000 Uncommon trap: reason=unstable_if action=reinterpret pc=0x0000000003e3f8b8 method=sun.nio.cs.StreamEncoder.implWrite([CII)V @ 51

Internal exceptions (10 events):
Event: 34.734 Thread 0x0000000017882000 Exception <a 'java/lang/ClassNotFoundException': org/gradle/platform/base/ComponentSpecContainer_ImplBeanInfo> (0x00000000e7498898) thrown at [C:\src\android\AOSP-openjdk\external\jetbrains\jdk\hotspot\src\share\vm\classfile\systemDictionary.cpp, line 210]ÿﬂ+ &^A@
Event: 34.736 Thread 0x0000000017882000 Exception <a 'java/lang/ClassNotFoundException': org/gradle/platform/base/ComponentSpecContainer_ImplCustomizer> (0x00000000e74b6a90) thrown at [C:\src\android\AOSP-openjdk\external\jetbrains\jdk\hotspot\src\share\vm\classfile\systemDictionary.cpp, line 21Åc"_A@
Event: 34.742 Thread 0x0000000017882000 Exception <a 'java/lang/ClassNotFoundException': org/gradle/platform/base/BinaryContainer_ImplBeanInfo> (0x00000000e751b920) thrown at [C:\src\android\AOSP-openjdk\external\jetbrains\jdk\hotspot\src\share\vm\classfile\systemDictionary.cpp, line 210]
Event: 34.743 Thread 0x0000000017882000 Exception <a 'java/lang/ClassNotFoundException': org/gradle/platform/base/BinaryContainer_ImplCustomizer> (0x00000000e7537730) thrown at [C:\src\android\AOSP-openjdk\external\jetbrains\jdk\hotspot\src\share\vm\classfile\systemDictionary.cpp, line 210]
Event: 35.146 Thread 0x0000000017882000 Exception <a 'java/lang/NoSuchMethodError': <clinit>> (0x00000000e0804880) thrown at [C:\src\android\AOSP-openjdk\external\jetbrains\jdk\hotspot\src\share\vm\prims\jni.cpp, line 1591]
Event: 35.148 Thread 0x0000000017882000 Exception <a 'java/lang/NoSuchMethodError': <clinit>> (0x00000000e0811868) thrown at [C:\src\android\AOSP-openjdk\external\jetbrains\jdk\hotspot\src\share\vm\prims\jni.cpp, line 1591]
Event: 35.171 Thread 0x0000000017882000 Exception <a 'java/lang/NoSuchMethodError': <clinit>> (0x00000000e093d0a0) thrown at [C:\src\android\AOSP-openjdk\external\jetbrains\jdk\hotspot\src\share\vm\prims\jni.cpp, line 1591]
Event: 35.173 Thread 0x0000000017882000 Exception <a 'java/lang/NoSuchMethodError': <clinit>> (0x00000000e09558b0) thrown at [C:\src\android\AOSP-openjdk\external\jetbrains\jdk\hotspot\src\share\vm\prims\jni.cpp, line 1591]
Event: 35.173 Thread 0x0000000017882000 Exception <a 'java/lang/NoSuchMethodError': <clinit>> (0x00000000e0956dc8) thrown at [C:\src\android\AOSP-openjdk\external\jetbrains\jdk\hotspot\src\share\vm\prims\jni.cpp, line 1591]
Event: 43.957 Thread 0x0000000017882000 Implicit null exception at 0x0000000003539e54 to 0x000000000353b5c9

Events (10 events):
Event: 60.228 loading class com/google/common/collect/Iterators$6
Event: 60.228 loading class com/google/common/collect/Iterators$6 done
Event: 60.229 loading class com/google/common/collect/Iterators$MergingIterator
Event: 60.229 loading class com/google/common/collect/Iterators$MergingIterator done
Event: 60.229 loading class com/google/common/collect/Iterators$13
Event: 60.229 loading class com/google/common/collect/Iterators$13 done
Event: 60.230 loading class com/google/common/collect/PeekingIterator
Event: 60.230 loading class com/google/common/collect/PeekingIterator done
Event: 60.230 loading class com/google/common/collect/Iterators$2
Event: 60.230 loading class com/google/common/collect/Iterators$2 done


Dynamic libraries:
0x00007ff7a3450000 - 0x00007ff7a3481000 	C:\Program Files\Android\android-studio\jre\bin\java.exe
0x00007ffd9ca60000 - 0x00007ffd9cc09000 	C:\Windows\SYSTEM32\ntdll.dll
0x00007ffd9bec0000 - 0x00007ffd9bff9000 	C:\Windows\system32\KERNEL32.DLL
0x00007ffd99fb0000 - 0x00007ffd9a0be000 	C:\Windows\system32\KERNELBASE.dll
0x00007ffd9c9b0000 - 0x00007ffd9ca55000 	C:\Windows\system32\ADVAPI32.dll
0x00007ffd9bb20000 - 0x00007ffd9bc91000 	C:\Windows\system32\USER32.dll
0x00007ffd96f50000 - 0x00007ffd971aa000 	C:\Windows\WinSxS\amd64_microsoft.windows.common-controls_6595b64144ccf1df_6.0.9600.16384_none_62475f7becb72503\COMCTL32.dll
0x00007ffd9ba70000 - 0x00007ffd9bb17000 	C:\Windows\system32\msvcrt.dll
0x00007ffd9b950000 - 0x00007ffd9b9a7000 	C:\Windows\SYSTEM32\sechost.dll
0x00007ffd9bd80000 - 0x00007ffd9beb6000 	C:\Windows\system32\RPCRT4.dll
0x00007ffd9c000000 - 0x00007ffd9c145000 	C:\Windows\system32\GDI32.dll
0x00007ffd9a2f0000 - 0x00007ffd9a324000 	C:\Windows\system32\IMM32.DLL
0x00007ffd9c870000 - 0x00007ffd9c9a8000 	C:\Windows\system32\MSCTF.dll
0x000000005c500000 - 0x000000005c5d2000 	C:\Program Files\Android\android-studio\jre\jre\bin\msvcr100.dll
0x000000005c5e0000 - 0x000000005ce14000 	C:\Program Files\Android\android-studio\jre\jre\bin\server\jvm.dll
0x00007ffd933c0000 - 0x00007ffd933c9000 	C:\Windows\SYSTEM32\WSOCK32.dll
0x00007ffd92a60000 - 0x00007ffd92a7f000 	C:\Windows\SYSTEM32\WINMM.dll
0x00007ffd91d60000 - 0x00007ffd91d6a000 	C:\Windows\SYSTEM32\VERSION.dll
0x00007ffd9bd40000 - 0x00007ffd9bd47000 	C:\Windows\system32\PSAPI.DLL
0x00007ffd9c510000 - 0x00007ffd9c568000 	C:\Windows\system32\WS2_32.dll
0x00007ffd92a30000 - 0x00007ffd92a5a000 	C:\Windows\SYSTEM32\WINMMBASE.dll
0x00007ffd9bd50000 - 0x00007ffd9bd59000 	C:\Windows\system32\NSI.dll
0x00007ffd9a0c0000 - 0x00007ffd9a10a000 	C:\Windows\SYSTEM32\cfgmgr32.dll
0x00007ffd98c60000 - 0x00007ffd98c86000 	C:\Windows\SYSTEM32\DEVOBJ.dll
0x00007ffd93360000 - 0x00007ffd9336f000 	C:\Program Files\Android\android-studio\jre\jre\bin\verify.dll
0x00007ffd8dff0000 - 0x00007ffd8e019000 	C:\Program Files\Android\android-studio\jre\jre\bin\java.dll
0x00007ffd8dcd0000 - 0x00007ffd8dce6000 	C:\Program Files\Android\android-studio\jre\jre\bin\zip.dll
0x00007ffd9a330000 - 0x00007ffd9b73f000 	C:\Windows\system32\SHELL32.dll
0x00007ffd9c630000 - 0x00007ffd9c807000 	C:\Windows\SYSTEM32\combase.dll
0x00007ffd9c4b0000 - 0x00007ffd9c501000 	C:\Windows\system32\SHLWAPI.dll
0x00007ffd98430000 - 0x00007ffd984d1000 	C:\Windows\SYSTEM32\SHCORE.dll
0x00007ffd99de0000 - 0x00007ffd99df4000 	C:\Windows\SYSTEM32\profapi.dll
0x00007ffd8dc00000 - 0x00007ffd8dc1a000 	C:\Program Files\Android\android-studio\jre\jre\bin\net.dll
0x00007ffd99640000 - 0x00007ffd99698000 	C:\Windows\system32\mswsock.dll
0x00007ffd8c630000 - 0x00007ffd8c641000 	C:\Program Files\Android\android-studio\jre\jre\bin\nio.dll
0x00007ffd95db0000 - 0x00007ffd95dc2000 	C:\Users\LARUMEUR\.gradle\native\19\windows-amd64\native-platform.dll
0x00007ffd95230000 - 0x00007ffd95259000 	C:\Windows\SYSTEM32\IPHLPAPI.DLL
0x00007ffd95200000 - 0x00007ffd9520a000 	C:\Windows\SYSTEM32\WINNSI.DLL
0x00007ffd94f10000 - 0x00007ffd94f24000 	C:\Windows\SYSTEM32\dhcpcsvc6.DLL
0x00007ffd94ef0000 - 0x00007ffd94f09000 	C:\Windows\SYSTEM32\dhcpcsvc.DLL
0x00007ffd996a0000 - 0x00007ffd996be000 	C:\Windows\SYSTEM32\CRYPTSP.dll
0x00007ffd992e0000 - 0x00007ffd99315000 	C:\Windows\system32\rsaenh.dll
0x00007ffd998d0000 - 0x00007ffd998f6000 	C:\Windows\SYSTEM32\bcrypt.dll
0x00007ffd993f0000 - 0x00007ffd9940f000 	C:\Windows\SYSTEM32\USERENV.dll
0x00007ffd99bf0000 - 0x00007ffd99c4e000 	C:\Windows\system32\bcryptprimitives.dll
0x00007ffd99c50000 - 0x00007ffd99c5a000 	C:\Windows\SYSTEM32\CRYPTBASE.dll
0x00007ffd98840000 - 0x00007ffd9884d000 	C:\Program Files\Android\android-studio\jre\jre\bin\management.dll

VM Arguments:
jvm_args: -Xmx1536m -Dfile.encoding=windows-1252 -Duser.country=FR -Duser.language=fr -Duser.variant 
java_command: org.gradle.launcher.daemon.bootstrap.GradleDaemon 2.10
java_class_path (initial): C:\Users\LARUMEUR\.gradle\wrapper\dists\gradle-2.10-all\a4w5fzrkeut1ox71xslb49gst\gradle-2.10\lib\gradle-launcher-2.10.jar
Launcher Type: SUN_STANDARD

Environment Variables:
PATH=C:\ProgramData\Oracle\Java\javapath;C:\Windows\system32;C:\Windows;C:\Windows\System32\Wbem;C:\Windows\System32\WindowsPowerShell\v1.0\;C:\Program Files\Git\cmd;C:\Program Files\VisualSVN Server\bin;C:\Program Files (x86)\OpenVPN\bin;C:\Program Files (x86)\Skype\Phone\
USERNAME=LARUMEUR
OS=Windows_NT
PROCESSOR_IDENTIFIER=Intel64 Family 6 Model 42 Stepping 7, GenuineIntel



---------------  S Y S T E M  ---------------

OS: Windows 8.1 , 64 bit Build 9600 (6.3.9600.16441)

CPU:total 4 (2 cores per cpu, 2 threads per core) family 6 model 42 stepping 7, cmov, cx8, fxsr, mmx, sse, sse2, sse3, ssse3, sse4.1, sse4.2, popcnt, avx, aes, clmul, ht, tsc, tscinvbit

Memory: 4k page, physical 6224232k(810768k free), swap 6748520k(5364k free)

vm_info: OpenJDK 64-Bit Server VM (25.76-b03) for windows-amd64 JRE (1.8.0_76-release-b03), built on Jun 29 2016 19:09:20 by "ralucas" with MS VC++ 10.0 (VS2010)

time: Thu Jul 28 07:04:38 2016
elapsed time: 60 seconds (0d 0h 1m 0s)

