#
# There is insufficient memory for the Java Runtime Environment to continue.
# Native memory allocation (malloc) failed to allocate 1714848 bytes for Chunk::new
# Possible reasons:
#   The system is out of physical RAM or swap space
#   In 32 bit mode, the process size limit was hit
# Possible solutions:
#   Reduce memory load on the system
#   Increase physical memory or swap space
#   Check if swap backing store is full
#   Use 64 bit Java on a 64 bit OS
#   Decrease Java heap size (-Xmx/-Xms)
#   Decrease number of Java threads
#   Decrease Java thread stack sizes (-Xss)
#   Set larger code cache with -XX:ReservedCodeCacheSize=
# This output file may be truncated or incomplete.
#
#  Out of Memory Error (allocation.cpp:390), pid=4084, tid=0x0000000000001bc8
#
# JRE version: OpenJDK Runtime Environment (8.0_76-b03) (build 1.8.0_76-release-b03)
# Java VM: OpenJDK 64-Bit Server VM (25.76-b03 mixed mode windows-amd64 compressed oops)
# Failed to write core dump. Minidumps are not enabled by default on client versions of Windows
#

---------------  T H R E A D  ---------------

Current thread (0x0000000015880800):  JavaThread "C2 CompilerThread1" daemon [_thread_in_native, id=7112, stack(0x0000000016fd0000,0x00000000170d0000)]

Stack: [0x0000000016fd0000,0x00000000170d0000]
[error occurred during error reporting (printing stack bounds), id 0xc0000005]

Native frames: (J=compiled Java code, j=interpreted, Vv=VM code, C=native code)


Current CompileTask:
C2: 102054 8117   !   4       com.android.dx.cf.code.Ropper::processBlock (1101 bytes)


---------------  P R O C E S S  ---------------

Java Threads: ( => current thread )
  0x000000001adab000 JavaThread "pool-18-thread-4" [_thread_blocked, id=4600, stack(0x00000000226b0000,0x00000000227b0000)]
  0x000000001ada8000 JavaThread "pool-18-thread-3" [_thread_in_Java, id=6504, stack(0x00000000223b0000,0x00000000224b0000)]
  0x000000001ada7800 JavaThread "pool-18-thread-2" [_thread_in_Java, id=5980, stack(0x00000000222b0000,0x00000000223b0000)]
  0x000000001ada3000 JavaThread "pool-19-thread-1" [_thread_blocked, id=4480, stack(0x00000000221b0000,0x00000000222b0000)]
  0x000000001ada6000 JavaThread "pool-18-thread-1" [_thread_blocked, id=6852, stack(0x00000000220b0000,0x00000000221b0000)]
  0x000000001adb0000 JavaThread "pool-4-thread-4" [_thread_blocked, id=772, stack(0x00000000230b0000,0x00000000231b0000)]
  0x000000001adb1800 JavaThread "pool-4-thread-3" [_thread_blocked, id=2784, stack(0x0000000022fb0000,0x00000000230b0000)]
  0x000000001adac000 JavaThread "pool-4-thread-2" [_thread_blocked, id=5876, stack(0x0000000022eb0000,0x0000000022fb0000)]
  0x000000001ada6800 JavaThread "pool-5-thread-1" [_thread_blocked, id=1404, stack(0x00000000225b0000,0x00000000226b0000)]
  0x000000001ada9800 JavaThread "pool-4-thread-1" [_thread_blocked, id=5512, stack(0x00000000224b0000,0x00000000225b0000)]
  0x000000001ada5000 JavaThread "pool-3-thread-4" [_thread_blocked, id=5532, stack(0x0000000021fb0000,0x00000000220b0000)]
  0x000000001ada3800 JavaThread "pool-3-thread-3" [_thread_in_Java, id=6588, stack(0x0000000021eb0000,0x0000000021fb0000)]
  0x000000001ada4800 JavaThread "pool-3-thread-2" [_thread_blocked, id=3628, stack(0x0000000021db0000,0x0000000021eb0000)]
  0x0000000018fc1800 JavaThread "pool-3-thread-1" [_thread_in_native, id=5348, stack(0x0000000021ab0000,0x0000000021bb0000)]
  0x0000000018fc0800 JavaThread "pool-2-thread-4" [_thread_blocked, id=748, stack(0x00000000218b0000,0x00000000219b0000)]
  0x0000000018fbf000 JavaThread "pool-2-thread-3" [_thread_in_native, id=5996, stack(0x00000000217b0000,0x00000000218b0000)]
  0x0000000018fc0000 JavaThread "pool-2-thread-2" [_thread_in_native, id=1812, stack(0x00000000216b0000,0x00000000217b0000)]
  0x0000000018fc2000 JavaThread "pool-2-thread-1" [_thread_blocked, id=6032, stack(0x0000000019dc0000,0x0000000019ec0000)]
  0x0000000018fbd800 JavaThread "pool-1-thread-1" [_thread_blocked, id=5676, stack(0x000000001f6f0000,0x000000001f7f0000)]
  0x000000001cce8800 JavaThread "File lock request listener" [_thread_in_native, id=6948, stack(0x0000000019ec0000,0x0000000019fc0000)]
  0x00000000185aa000 JavaThread "Daemon worker" [_thread_blocked, id=6324, stack(0x0000000019cc0000,0x0000000019dc0000)]
  0x0000000017a50000 JavaThread "Cancel handler" [_thread_blocked, id=4340, stack(0x0000000019bc0000,0x0000000019cc0000)]
  0x0000000017a26800 JavaThread "Handler for socket connection from /127.0.0.1:58201 to /127.0.0.1:58204" [_thread_in_native, id=152, stack(0x0000000019ac0000,0x0000000019bc0000)]
  0x00000000172ef800 JavaThread "Daemon" [_thread_blocked, id=5756, stack(0x00000000199c0000,0x0000000019ac0000)]
  0x0000000018240000 JavaThread "Incoming local TCP Connector on port 58201" [_thread_in_native, id=5308, stack(0x0000000017fd0000,0x00000000180d0000)]
  0x00000000158de000 JavaThread "Service Thread" daemon [_thread_blocked, id=5116, stack(0x00000000175d0000,0x00000000176d0000)]
  0x000000001588d000 JavaThread "C1 CompilerThread2" daemon [_thread_blocked, id=3140, stack(0x00000000170d0000,0x00000000171d0000)]
=>0x0000000015880800 JavaThread "C2 CompilerThread1" daemon [_thread_in_native, id=7112, stack(0x0000000016fd0000,0x00000000170d0000)]
  0x0000000015887000 JavaThread "C2 CompilerThread0" daemon [_thread_in_native, id=32, stack(0x0000000016ed0000,0x0000000016fd0000)]
  0x0000000015886000 JavaThread "Attach Listener" daemon [_thread_blocked, id=2808, stack(0x0000000016dd0000,0x0000000016ed0000)]
  0x0000000015884800 JavaThread "Signal Dispatcher" daemon [_thread_blocked, id=1992, stack(0x0000000016cd0000,0x0000000016dd0000)]
  0x0000000015868800 JavaThread "Finalizer" daemon [_thread_blocked, id=4484, stack(0x0000000016ad0000,0x0000000016bd0000)]
  0x0000000001f01000 JavaThread "Reference Handler" daemon [_thread_blocked, id=4692, stack(0x00000000169d0000,0x0000000016ad0000)]
  0x0000000001e10800 JavaThread "main" [_thread_blocked, id=5468, stack(0x0000000001c60000,0x0000000001d60000)]

Other Threads:
  0x0000000015845000 VMThread [stack: 0x00000000168d0000,0x00000000169d0000] [id=5156]
  0x00000000158de800 WatcherThread [stack: 0x00000000176d0000,0x00000000177d0000] [id=3624]

VM state:not at safepoint (normal execution)

VM Mutex/Monitor currently owned by a thread: None

Heap:
 PSYoungGen      total 162816K, used 106118K [0x00000000e0000000, 0x00000000ee600000, 0x0000000100000000)
  eden space 119296K, 77% used [0x00000000e0000000,0x00000000e5a419c0,0x00000000e7480000)
  from space 43520K, 31% used [0x00000000e7480000,0x00000000e81e0008,0x00000000e9f00000)
  to   space 41472K, 0% used [0x00000000ebd80000,0x00000000ebd80000,0x00000000ee600000)
 ParOldGen       total 157696K, used 75572K [0x00000000a0000000, 0x00000000a9a00000, 0x00000000e0000000)
  object space 157696K, 47% used [0x00000000a0000000,0x00000000a49cd268,0x00000000a9a00000)
 Metaspace       used 53222K, capacity 54748K, committed 54872K, reserved 1097728K
  class space    used 6872K, capacity 7214K, committed 7296K, reserved 1048576K

Card table byte_map: [0x00000000112d0000,0x00000000115e0000] byte_map_base: 0x0000000010dd0000

Marking Bits: (ParMarkBitMap*) 0x000000005cd99d00
 Begin Bits: [0x0000000011be0000, 0x00000000133e0000)
 End Bits:   [0x00000000133e0000, 0x0000000014be0000)

Polling page: 0x0000000001b80000

CodeCache: size=245760Kb used=25878Kb max_used=26320Kb free=219881Kb
 bounds [0x0000000001f10000, 0x00000000038f0000, 0x0000000010f10000]
 total_blobs=8098 nmethods=7384 adapters=626
 compilation: enabled

Compilation events (10 events):
Event: 101.908 Thread 0x000000001588d000 8763       2       com.android.dx.rop.type.Type::getClassName (94 bytes)
Event: 101.909 Thread 0x000000001588d000 nmethod 8763 0x0000000002913650 code [0x0000000002913820, 0x0000000002913d78]
Event: 101.913 Thread 0x000000001588d000 8765   !   2       com.android.dx.cf.direct.DirectClassFile$DcfTypeList::<init> (137 bytes)
Event: 101.915 Thread 0x000000001588d000 nmethod 8765 0x000000000375cc90 code [0x000000000375cf60, 0x000000000375dd98]
Event: 101.933 Thread 0x000000001588d000 8767   !   2       com.android.dx.cf.code.ExecutionStack::change (116 bytes)
Event: 101.934 Thread 0x000000001588d000 nmethod 8767 0x000000000249c890 code [0x000000000249cb20, 0x000000000249d5b8]
Event: 101.939 Thread 0x000000001588d000 8768 % !   3       java.util.concurrent.ConcurrentHashMap::putVal @ 162 (362 bytes)
Event: 101.942 Thread 0x000000001588d000 nmethod 8768% 0x00000000038d5310 code [0x00000000038d55e0, 0x00000000038d7378]
Event: 101.943 Thread 0x000000001588d000 8769   !   3       java.util.concurrent.ConcurrentHashMap::putVal (362 bytes)
Event: 101.945 Thread 0x000000001588d000 nmethod 8769 0x000000000290ab10 code [0x000000000290adc0, 0x000000000290c758]

GC Heap History (10 events):
Event: 80.084 GC heap before
{Heap before GC invocations=16 (full 2):
 PSYoungGen      total 98304K, used 98291K [0x00000000e0000000, 0x00000000e8a00000, 0x0000000100000000)
  eden space 86016K, 100% used [0x00000000e0000000,0x00000000e5400000,0x00000000e5400000)
  from space 12288K, 99% used [0x00000000e5400000,0x00000000e5ffcf98,0x00000000e6000000)
  to   space 14848K, 0% used [0x00000000e7b80000,0x00000000e7b80000,0x00000000e8a00000)
 ParOldGen       total 73216K, used 19255K [0x00000000a0000000, 0x00000000a4780000, 0x00000000e0000000)
  object space 73216K, 26% used [0x00000000a0000000,0x00000000a12cdd80,0x00000000a4780000)
 Metaspace       used 48186K, capacity 49632K, committed 49752K, reserved 1091584K
  class space    used 6362K, capacity 6702K, committed 6784K, reserved 1048576K
Event: 80.125 GC heap after
Heap after GC invocations=16 (full 2):
 PSYoungGen      total 121856K, used 14843K [0x00000000e0000000, 0x00000000e9280000, 0x0000000100000000)
  eden space 107008K, 0% used [0x00000000e0000000,0x00000000e0000000,0x00000000e6880000)
  from space 14848K, 99% used [0x00000000e7b80000,0x00000000e89fece8,0x00000000e8a00000)
  to   space 19456K, 0% used [0x00000000e6880000,0x00000000e6880000,0x00000000e7b80000)
 ParOldGen       total 73216K, used 25649K [0x00000000a0000000, 0x00000000a4780000, 0x00000000e0000000)
  object space 73216K, 35% used [0x00000000a0000000,0x00000000a190c550,0x00000000a4780000)
 Metaspace       used 48186K, capacity 49632K, committed 49752K, reserved 1091584K
  class space    used 6362K, capacity 6702K, committed 6784K, reserved 1048576K
}
Event: 98.069 GC heap before
{Heap before GC invocations=17 (full 2):
 PSYoungGen      total 121856K, used 121851K [0x00000000e0000000, 0x00000000e9280000, 0x0000000100000000)
  eden space 107008K, 100% used [0x00000000e0000000,0x00000000e6880000,0x00000000e6880000)
  from space 14848K, 99% used [0x00000000e7b80000,0x00000000e89fece8,0x00000000e8a00000)
  to   space 19456K, 0% used [0x00000000e6880000,0x00000000e6880000,0x00000000e7b80000)
 ParOldGen       total 73216K, used 25649K [0x00000000a0000000, 0x00000000a4780000, 0x00000000e0000000)
  object space 73216K, 35% used [0x00000000a0000000,0x00000000a190c550,0x00000000a4780000)
 Metaspace       used 52396K, capacity 53884K, committed 54104K, reserved 1095680K
  class space    used 6828K, capacity 7182K, committed 7296K, reserved 1048576K
Event: 98.157 GC heap after
Heap after GC invocations=17 (full 2):
 PSYoungGen      total 126464K, used 19452K [0x00000000e0000000, 0x00000000eb980000, 0x0000000100000000)
  eden space 107008K, 0% used [0x00000000e0000000,0x00000000e0000000,0x00000000e6880000)
  from space 19456K, 99% used [0x00000000e6880000,0x00000000e7b7f130,0x00000000e7b80000)
  to   space 27136K, 0% used [0x00000000e9f00000,0x00000000e9f00000,0x00000000eb980000)
 ParOldGen       total 73216K, used 38911K [0x00000000a0000000, 0x00000000a4780000, 0x00000000e0000000)
  object space 73216K, 53% used [0x00000000a0000000,0x00000000a25fff70,0x00000000a4780000)
 Metaspace       used 52396K, capacity 53884K, committed 54104K, reserved 1095680K
  class space    used 6828K, capacity 7182K, committed 7296K, reserved 1048576K
}
Event: 100.095 GC heap before
{Heap before GC invocations=18 (full 2):
 PSYoungGen      total 126464K, used 126460K [0x00000000e0000000, 0x00000000eb980000, 0x0000000100000000)
  eden space 107008K, 100% used [0x00000000e0000000,0x00000000e6880000,0x00000000e6880000)
  from space 19456K, 99% used [0x00000000e6880000,0x00000000e7b7f130,0x00000000e7b80000)
  to   space 27136K, 0% used [0x00000000e9f00000,0x00000000e9f00000,0x00000000eb980000)
 ParOldGen       total 73216K, used 39631K [0x00000000a0000000, 0x00000000a4780000, 0x00000000e0000000)
  object space 73216K, 54% used [0x00000000a0000000,0x00000000a26b3e48,0x00000000a4780000)
 Metaspace       used 53131K, capacity 54620K, committed 54872K, reserved 1097728K
  class space    used 6872K, capacity 7214K, committed 7296K, reserved 1048576K
Event: 100.243 GC heap after
Heap after GC invocations=18 (full 2):
 PSYoungGen      total 146432K, used 27123K [0x00000000e0000000, 0x00000000ee780000, 0x0000000100000000)
  eden space 119296K, 0% used [0x00000000e0000000,0x00000000e0000000,0x00000000e7480000)
  from space 27136K, 99% used [0x00000000e9f00000,0x00000000eb97cf08,0x00000000eb980000)
  to   space 43520K, 0% used [0x00000000e7480000,0x00000000e7480000,0x00000000e9f00000)
 ParOldGen       total 73216K, used 72824K [0x00000000a0000000, 0x00000000a4780000, 0x00000000e0000000)
  object space 73216K, 99% used [0x00000000a0000000,0x00000000a471e330,0x00000000a4780000)
 Metaspace       used 53131K, capacity 54620K, committed 54872K, reserved 1097728K
  class space    used 6872K, capacity 7214K, committed 7296K, reserved 1048576K
}
Event: 100.244 GC heap before
{Heap before GC invocations=19 (full 3):
 PSYoungGen      total 146432K, used 27123K [0x00000000e0000000, 0x00000000ee780000, 0x0000000100000000)
  eden space 119296K, 0% used [0x00000000e0000000,0x00000000e0000000,0x00000000e7480000)
  from space 27136K, 99% used [0x00000000e9f00000,0x00000000eb97cf08,0x00000000eb980000)
  to   space 43520K, 0% used [0x00000000e7480000,0x00000000e7480000,0x00000000e9f00000)
 ParOldGen       total 73216K, used 72824K [0x00000000a0000000, 0x00000000a4780000, 0x00000000e0000000)
  object space 73216K, 99% used [0x00000000a0000000,0x00000000a471e330,0x00000000a4780000)
 Metaspace       used 53131K, capacity 54620K, committed 54872K, reserved 1097728K
  class space    used 6872K, capacity 7214K, committed 7296K, reserved 1048576K
Event: 101.007 GC heap after
Heap after GC invocations=19 (full 3):
 PSYoungGen      total 146432K, used 16144K [0x00000000e0000000, 0x00000000ee780000, 0x0000000100000000)
  eden space 119296K, 0% used [0x00000000e0000000,0x00000000e0000000,0x00000000e7480000)
  from space 27136K, 59% used [0x00000000e9f00000,0x00000000eaec41b0,0x00000000eb980000)
  to   space 43520K, 0% used [0x00000000e7480000,0x00000000e7480000,0x00000000e9f00000)
 ParOldGen       total 157696K, used 72943K [0x00000000a0000000, 0x00000000a9a00000, 0x00000000e0000000)
  object space 157696K, 46% used [0x00000000a0000000,0x00000000a473bc00,0x00000000a9a00000)
 Metaspace       used 53131K, capacity 54620K, committed 54872K, reserved 1097728K
  class space    used 6872K, capacity 7214K, committed 7296K, reserved 1048576K
}
Event: 101.008 GC heap before
{Heap before GC invocations=20 (full 3):
 PSYoungGen      total 146432K, used 16817K [0x00000000e0000000, 0x00000000ee780000, 0x0000000100000000)
  eden space 119296K, 0% used [0x00000000e0000000,0x00000000e00a8308,0x00000000e7480000)
  from space 27136K, 59% used [0x00000000e9f00000,0x00000000eaec41b0,0x00000000eb980000)
  to   space 43520K, 0% used [0x00000000e7480000,0x00000000e7480000,0x00000000e9f00000)
 ParOldGen       total 157696K, used 72943K [0x00000000a0000000, 0x00000000a9a00000, 0x00000000e0000000)
  object space 157696K, 46% used [0x00000000a0000000,0x00000000a473bc00,0x00000000a9a00000)
 Metaspace       used 53131K, capacity 54620K, committed 54872K, reserved 1097728K
  class space    used 6872K, capacity 7214K, committed 7296K, reserved 1048576K
Event: 101.044 GC heap after
Heap after GC invocations=20 (full 3):
 PSYoungGen      total 162816K, used 13696K [0x00000000e0000000, 0x00000000ee600000, 0x0000000100000000)
  eden space 119296K, 0% used [0x00000000e0000000,0x00000000e0000000,0x00000000e7480000)
  from space 43520K, 31% used [0x00000000e7480000,0x00000000e81e0008,0x00000000e9f00000)
  to   space 41472K, 0% used [0x00000000ebd80000,0x00000000ebd80000,0x00000000ee600000)
 ParOldGen       total 157696K, used 75572K [0x00000000a0000000, 0x00000000a9a00000, 0x00000000e0000000)
  object space 157696K, 47% used [0x00000000a0000000,0x00000000a49cd268,0x00000000a9a00000)
 Metaspace       used 53131K, capacity 54620K, committed 54872K, reserved 1097728K
  class space    used 6872K, capacity 7214K, committed 7296K, reserved 1048576K
}

Deoptimization events (10 events):
Event: 99.322 Thread 0x000000001ada5000 Uncommon trap: reason=unstable_if action=reinterpret pc=0x000000000355023c method=com.android.dx.dex.code.OutputFinisher.updateInfo(Lcom/android/dx/dex/code/DalvInsn;)V @ 16
Event: 99.322 Thread 0x000000001ada5000 Uncommon trap: reason=unstable_if action=reinterpret pc=0x0000000003791378 method=com.android.dx.dex.code.OutputFinisher.updateInfo(Lcom/android/dx/dex/code/DalvInsn;)V @ 16
Event: 99.597 Thread 0x000000001adaa800 Uncommon trap: reason=bimorphic action=maybe_recompile pc=0x00000000037ef4c0 method=com.android.dx.cf.code.BytecodeArray.parseInstruction(ILcom/android/dx/cf/code/BytecodeArray$Visitor;)I @ 2484
Event: 99.598 Thread 0x000000001adaa800 Uncommon trap: reason=bimorphic action=maybe_recompile pc=0x00000000037ef4c0 method=com.android.dx.cf.code.BytecodeArray.parseInstruction(ILcom/android/dx/cf/code/BytecodeArray$Visitor;)I @ 2484
Event: 99.599 Thread 0x000000001adaa800 Uncommon trap: reason=bimorphic action=maybe_recompile pc=0x00000000037ef4c0 method=com.android.dx.cf.code.BytecodeArray.parseInstruction(ILcom/android/dx/cf/code/BytecodeArray$Visitor;)I @ 2484
Event: 99.600 Thread 0x000000001adaa800 Uncommon trap: reason=bimorphic action=maybe_recompile pc=0x00000000037ef4c0 method=com.android.dx.cf.code.BytecodeArray.parseInstruction(ILcom/android/dx/cf/code/BytecodeArray$Visitor;)I @ 2484
Event: 99.695 Thread 0x000000001ada2000 Uncommon trap: reason=unstable_if action=reinterpret pc=0x0000000003562b0c method=com.android.dx.cf.code.LineNumberList.pcToLine(I)I @ 43
Event: 101.071 Thread 0x0000000015868800 Uncommon trap: reason=unstable_if action=reinterpret pc=0x00000000026e6f00 method=java.util.HashMap$HashIterator.<init>(Ljava/util/HashMap;)V @ 45
Event: 101.744 Thread 0x000000001adaf000 Uncommon trap: reason=bimorphic action=maybe_recompile pc=0x00000000038a78e0 method=com.android.dx.cf.code.BytecodeArray.parseInstruction(ILcom/android/dx/cf/code/BytecodeArray$Visitor;)I @ 2281
Event: 101.744 Thread 0x000000001adaf000 Uncommon trap: reason=bimorphic action=maybe_recompile pc=0x00000000038a78e0 method=com.android.dx.cf.code.BytecodeArray.parseInstruction(ILcom/android/dx/cf/code/BytecodeArray$Visitor;)I @ 2281

Internal exceptions (10 events):
Event: 79.930 Thread 0x00000000185aa000 Exception <a 'java/lang/ClassNotFoundException': org/gradle/platform/base/ComponentSpecContainer_ImplBeanInfo> (0x00000000e50bbf38) thrown at [C:\src\android\AOSP-openjdk\external\jetbrains\jdk\hotspot\src\share\vm\classfile\systemDictionary.cpp, line 210]Qæ^/ŽûS@
Event: 79.931 Thread 0x00000000185aa000 Exception <a 'java/lang/ClassNotFoundException': org/gradle/platform/base/ComponentSpecContainer_ImplCustomizer> (0x00000000e50da130) thrown at [C:\src\android\AOSP-openjdk\external\jetbrains\jdk\hotspot\src\share\vm\classfile\systemDictionary.cpp, line 21Ñóx³ÝûS@
Event: 79.935 Thread 0x00000000185aa000 Exception <a 'java/lang/ClassNotFoundException': org/gradle/platform/base/BinaryContainer_ImplBeanInfo> (0x00000000e513ef50) thrown at [C:\src\android\AOSP-openjdk\external\jetbrains\jdk\hotspot\src\share\vm\classfile\systemDictionary.cpp, line 210]
Event: 79.936 Thread 0x00000000185aa000 Exception <a 'java/lang/ClassNotFoundException': org/gradle/platform/base/BinaryContainer_ImplCustomizer> (0x00000000e515ad60) thrown at [C:\src\android\AOSP-openjdk\external\jetbrains\jdk\hotspot\src\share\vm\classfile\systemDictionary.cpp, line 210]
Event: 80.205 Thread 0x00000000185aa000 Implicit null exception at 0x000000000272b62d to 0x000000000272c1b5
Event: 80.285 Thread 0x00000000185aa000 Exception <a 'java/lang/NoSuchMethodError': <clinit>> (0x00000000e0305968) thrown at [C:\src\android\AOSP-openjdk\external\jetbrains\jdk\hotspot\src\share\vm\prims\jni.cpp, line 1591]
Event: 80.286 Thread 0x00000000185aa000 Exception <a 'java/lang/NoSuchMethodError': <clinit>> (0x00000000e0312950) thrown at [C:\src\android\AOSP-openjdk\external\jetbrains\jdk\hotspot\src\share\vm\prims\jni.cpp, line 1591]
Event: 80.311 Thread 0x00000000185aa000 Exception <a 'java/lang/NoSuchMethodError': <clinit>> (0x00000000e043e620) thrown at [C:\src\android\AOSP-openjdk\external\jetbrains\jdk\hotspot\src\share\vm\prims\jni.cpp, line 1591]
Event: 80.313 Thread 0x00000000185aa000 Exception <a 'java/lang/NoSuchMethodError': <clinit>> (0x00000000e0456e30) thrown at [C:\src\android\AOSP-openjdk\external\jetbrains\jdk\hotspot\src\share\vm\prims\jni.cpp, line 1591]
Event: 80.314 Thread 0x00000000185aa000 Exception <a 'java/lang/NoSuchMethodError': <clinit>> (0x00000000e0458348) thrown at [C:\src\android\AOSP-openjdk\external\jetbrains\jdk\hotspot\src\share\vm\prims\jni.cpp, line 1591]

Events (10 events):
Event: 101.837 Thread 0x000000001ada6000 DEOPT PACKING pc=0x000000000386cc62 sp=0x00000000221aea30
Event: 101.837 Thread 0x000000001ada6000 DEOPT UNPACKING pc=0x0000000001f575bf sp=0x00000000221ae750 mode 0
Event: 101.856 Thread 0x000000001ada7800 DEOPT PACKING pc=0x00000000035c1335 sp=0x00000000223aea30
Event: 101.856 Thread 0x000000001ada7800 DEOPT UNPACKING pc=0x0000000001f575bf sp=0x00000000223ae7d0 mode 0
Event: 101.937 Thread 0x000000001ada7800 DEOPT PACKING pc=0x00000000035c1335 sp=0x00000000223aea30
Event: 101.937 Thread 0x000000001ada7800 DEOPT UNPACKING pc=0x0000000001f575bf sp=0x00000000223ae7d0 mode 0
Event: 101.970 Thread 0x000000001ada8000 DEOPT PACKING pc=0x000000000386cc62 sp=0x00000000224ae6a0
Event: 101.970 Thread 0x000000001ada8000 DEOPT UNPACKING pc=0x0000000001f575bf sp=0x00000000224ae3c0 mode 0
Event: 101.989 Thread 0x000000001ada7800 DEOPT PACKING pc=0x00000000035c1335 sp=0x00000000223aea30
Event: 101.989 Thread 0x000000001ada7800 DEOPT UNPACKING pc=0x0000000001f575bf sp=0x00000000223ae7d0 mode 0


Dynamic libraries:
0x00007ff7a3450000 - 0x00007ff7a3481000 	C:\Program Files\Android\android-studio\jre\bin\java.exe
0x00007ffd9ca60000 - 0x00007ffd9cc09000 	C:\Windows\SYSTEM32\ntdll.dll
0x00007ffd9bec0000 - 0x00007ffd9bff9000 	C:\Windows\system32\KERNEL32.DLL
0x00007ffd99fb0000 - 0x00007ffd9a0be000 	C:\Windows\system32\KERNELBASE.dll
0x00007ffd9c9b0000 - 0x00007ffd9ca55000 	C:\Windows\system32\ADVAPI32.dll
0x00007ffd9bb20000 - 0x00007ffd9bc91000 	C:\Windows\system32\USER32.dll
0x00007ffd96f50000 - 0x00007ffd971aa000 	C:\Windows\WinSxS\amd64_microsoft.windows.common-controls_6595b64144ccf1df_6.0.9600.16384_none_62475f7becb72503\COMCTL32.dll
0x00007ffd9ba70000 - 0x00007ffd9bb17000 	C:\Windows\system32\msvcrt.dll
0x00007ffd9b950000 - 0x00007ffd9b9a7000 	C:\Windows\SYSTEM32\sechost.dll
0x00007ffd9bd80000 - 0x00007ffd9beb6000 	C:\Windows\system32\RPCRT4.dll
0x00007ffd9c000000 - 0x00007ffd9c145000 	C:\Windows\system32\GDI32.dll
0x00007ffd9a2f0000 - 0x00007ffd9a324000 	C:\Windows\system32\IMM32.DLL
0x00007ffd9c870000 - 0x00007ffd9c9a8000 	C:\Windows\system32\MSCTF.dll
0x000000005c500000 - 0x000000005c5d2000 	C:\Program Files\Android\android-studio\jre\jre\bin\msvcr100.dll
0x000000005c5e0000 - 0x000000005ce14000 	C:\Program Files\Android\android-studio\jre\jre\bin\server\jvm.dll
0x00007ffd933c0000 - 0x00007ffd933c9000 	C:\Windows\SYSTEM32\WSOCK32.dll
0x00007ffd92a60000 - 0x00007ffd92a7f000 	C:\Windows\SYSTEM32\WINMM.dll
0x00007ffd91d60000 - 0x00007ffd91d6a000 	C:\Windows\SYSTEM32\VERSION.dll
0x00007ffd9bd40000 - 0x00007ffd9bd47000 	C:\Windows\system32\PSAPI.DLL
0x00007ffd9c510000 - 0x00007ffd9c568000 	C:\Windows\system32\WS2_32.dll
0x00007ffd92a30000 - 0x00007ffd92a5a000 	C:\Windows\SYSTEM32\WINMMBASE.dll
0x00007ffd9bd50000 - 0x00007ffd9bd59000 	C:\Windows\system32\NSI.dll
0x00007ffd9a0c0000 - 0x00007ffd9a10a000 	C:\Windows\SYSTEM32\cfgmgr32.dll
0x00007ffd98c60000 - 0x00007ffd98c86000 	C:\Windows\SYSTEM32\DEVOBJ.dll
0x00007ffd93360000 - 0x00007ffd9336f000 	C:\Program Files\Android\android-studio\jre\jre\bin\verify.dll
0x00007ffd8dff0000 - 0x00007ffd8e019000 	C:\Program Files\Android\android-studio\jre\jre\bin\java.dll
0x00007ffd8dcd0000 - 0x00007ffd8dce6000 	C:\Program Files\Android\android-studio\jre\jre\bin\zip.dll
0x00007ffd9a330000 - 0x00007ffd9b73f000 	C:\Windows\system32\SHELL32.dll
0x00007ffd9c630000 - 0x00007ffd9c807000 	C:\Windows\SYSTEM32\combase.dll
0x00007ffd9c4b0000 - 0x00007ffd9c501000 	C:\Windows\system32\SHLWAPI.dll
0x00007ffd98430000 - 0x00007ffd984d1000 	C:\Windows\SYSTEM32\SHCORE.dll
0x00007ffd99de0000 - 0x00007ffd99df4000 	C:\Windows\SYSTEM32\profapi.dll
0x00007ffd8dc00000 - 0x00007ffd8dc1a000 	C:\Program Files\Android\android-studio\jre\jre\bin\net.dll
0x00007ffd99640000 - 0x00007ffd99698000 	C:\Windows\system32\mswsock.dll
0x00007ffd8c630000 - 0x00007ffd8c641000 	C:\Program Files\Android\android-studio\jre\jre\bin\nio.dll
0x00007ffd95db0000 - 0x00007ffd95dc2000 	C:\Users\LARUMEUR\.gradle\native\19\windows-amd64\native-platform.dll
0x00007ffd95230000 - 0x00007ffd95259000 	C:\Windows\SYSTEM32\IPHLPAPI.DLL
0x00007ffd95200000 - 0x00007ffd9520a000 	C:\Windows\SYSTEM32\WINNSI.DLL
0x00007ffd94f10000 - 0x00007ffd94f24000 	C:\Windows\SYSTEM32\dhcpcsvc6.DLL
0x00007ffd94ef0000 - 0x00007ffd94f09000 	C:\Windows\SYSTEM32\dhcpcsvc.DLL
0x00007ffd996a0000 - 0x00007ffd996be000 	C:\Windows\SYSTEM32\CRYPTSP.dll
0x00007ffd992e0000 - 0x00007ffd99315000 	C:\Windows\system32\rsaenh.dll
0x00007ffd998d0000 - 0x00007ffd998f6000 	C:\Windows\SYSTEM32\bcrypt.dll
0x00007ffd993f0000 - 0x00007ffd9940f000 	C:\Windows\SYSTEM32\USERENV.dll
0x00007ffd99bf0000 - 0x00007ffd99c4e000 	C:\Windows\system32\bcryptprimitives.dll
0x00007ffd99c50000 - 0x00007ffd99c5a000 	C:\Windows\SYSTEM32\CRYPTBASE.dll
0x00007ffd98840000 - 0x00007ffd9884d000 	C:\Program Files\Android\android-studio\jre\jre\bin\management.dll

VM Arguments:
jvm_args: -Xmx1536m -Dfile.encoding=windows-1252 -Duser.country=FR -Duser.language=fr -Duser.variant 
java_command: org.gradle.launcher.daemon.bootstrap.GradleDaemon 2.10
java_class_path (initial): C:\Users\LARUMEUR\.gradle\wrapper\dists\gradle-2.10-all\a4w5fzrkeut1ox71xslb49gst\gradle-2.10\lib\gradle-launcher-2.10.jar
Launcher Type: SUN_STANDARD

Environment Variables:
PATH=C:\ProgramData\Oracle\Java\javapath;C:\Windows\system32;C:\Windows;C:\Windows\System32\Wbem;C:\Windows\System32\WindowsPowerShell\v1.0\;C:\Program Files\Git\cmd;C:\Program Files\VisualSVN Server\bin;C:\Program Files (x86)\OpenVPN\bin;C:\Program Files (x86)\Skype\Phone\
USERNAME=LARUMEUR
OS=Windows_NT
PROCESSOR_IDENTIFIER=Intel64 Family 6 Model 42 Stepping 7, GenuineIntel



---------------  S Y S T E M  ---------------

OS: Windows 8.1 , 64 bit Build 9600 (6.3.9600.16441)

CPU:total 4 (2 cores per cpu, 2 threads per core) family 6 model 42 stepping 7, cmov, cx8, fxsr, mmx, sse, sse2, sse3, ssse3, sse4.1, sse4.2, popcnt, avx, aes, clmul, ht, tsc, tscinvbit

Memory: 4k page, physical 6224232k(806452k free), swap 6748520k(6204k free)

vm_info: OpenJDK 64-Bit Server VM (25.76-b03) for windows-amd64 JRE (1.8.0_76-release-b03), built on Jun 29 2016 19:09:20 by "ralucas" with MS VC++ 10.0 (VS2010)

time: Thu Jul 28 07:02:25 2016
elapsed time: 102 seconds (0d 0h 1m 42s)

